d:\uni\gp\uni svn\comp710-2022-s2\students\les.mcilroy\gamename\temp\debug\vc141.pdb
d:\uni\gp\uni svn\comp710-2022-s2\students\les.mcilroy\gamename\temp\debug\vc141.idb
d:\uni\gp\uni svn\comp710-2022-s2\students\les.mcilroy\gamename\temp\debug\imgui_impl_sdl.obj
d:\uni\gp\uni svn\comp710-2022-s2\students\les.mcilroy\gamename\temp\debug\imgui_impl_opengl3.obj
d:\uni\gp\uni svn\comp710-2022-s2\students\les.mcilroy\gamename\temp\debug\imgui_draw.obj
d:\uni\gp\uni svn\comp710-2022-s2\students\les.mcilroy\gamename\temp\debug\imgui_demo.obj
d:\uni\gp\uni svn\comp710-2022-s2\students\les.mcilroy\gamename\temp\debug\imgui.obj
d:\uni\gp\uni svn\comp710-2022-s2\students\les.mcilroy\gamename\temp\debug\health.obj
d:\uni\gp\uni svn\comp710-2022-s2\students\les.mcilroy\gamename\temp\debug\guimanager.obj
d:\uni\gp\uni svn\comp710-2022-s2\students\les.mcilroy\gamename\temp\debug\guicontainer.obj
d:\uni\gp\uni svn\comp710-2022-s2\students\les.mcilroy\gamename\temp\debug\game.obj
d:\uni\gp\uni svn\comp710-2022-s2\students\les.mcilroy\gamename\temp\debug\entitypoolmanager.obj
d:\uni\gp\uni svn\comp710-2022-s2\students\les.mcilroy\gamename\temp\debug\entity.obj
d:\uni\gp\uni svn\comp710-2022-s2\students\les.mcilroy\gamename\temp\debug\enemymanager.obj
d:\uni\gp\uni svn\comp710-2022-s2\students\les.mcilroy\gamename\temp\debug\enemy.obj
d:\uni\gp\uni svn\comp710-2022-s2\students\les.mcilroy\gamename\temp\debug\crate.obj
d:\uni\gp\uni svn\comp710-2022-s2\students\les.mcilroy\gamename\temp\debug\bullet.obj
d:\uni\gp\uni svn\comp710-2022-s2\students\les.mcilroy\gamename\temp\debug\ball.obj
d:\uni\gp\uni svn\comp710-2022-s2\students\les.mcilroy\gamename\temp\debug\attacklistener.obj
d:\uni\gp\uni svn\comp710-2022-s2\students\les.mcilroy\gamename\temp\debug\animatedsprite.obj
d:\uni\gp\uni svn\comp710-2022-s2\students\les.mcilroy\gamename\temp\debug\scenemainmenu.obj
d:\uni\gp\uni svn\comp710-2022-s2\students\les.mcilroy\gamename\temp\debug\scenedefend.obj
d:\uni\gp\uni svn\comp710-2022-s2\students\les.mcilroy\gamename\temp\debug\scenecheckerboards.obj
d:\uni\gp\uni svn\comp710-2022-s2\students\les.mcilroy\gamename\temp\debug\scenebox2dtest.obj
d:\uni\gp\uni svn\comp710-2022-s2\students\les.mcilroy\gamename\temp\debug\scenebouncingballs.obj
d:\uni\gp\uni svn\comp710-2022-s2\students\les.mcilroy\gamename\temp\debug\sceneballgame.obj
d:\uni\gp\uni svn\comp710-2022-s2\students\les.mcilroy\gamename\temp\debug\scene.obj
d:\uni\gp\uni svn\comp710-2022-s2\students\les.mcilroy\gamename\temp\debug\renderer.obj
d:\uni\gp\uni svn\comp710-2022-s2\students\les.mcilroy\gamename\temp\debug\playerstats.obj
d:\uni\gp\uni svn\comp710-2022-s2\students\les.mcilroy\gamename\temp\debug\playercontroller.obj
d:\uni\gp\uni svn\comp710-2022-s2\students\les.mcilroy\gamename\temp\debug\player.obj
d:\uni\gp\uni svn\comp710-2022-s2\students\les.mcilroy\gamename\temp\debug\particleemitter.obj
d:\uni\gp\uni svn\comp710-2022-s2\students\les.mcilroy\gamename\temp\debug\particle.obj
d:\uni\gp\uni svn\comp710-2022-s2\students\les.mcilroy\gamename\temp\debug\matrix4.obj
d:\uni\gp\uni svn\comp710-2022-s2\students\les.mcilroy\gamename\temp\debug\main.obj
d:\uni\gp\uni svn\comp710-2022-s2\students\les.mcilroy\gamename\temp\debug\logmanager.obj
d:\uni\gp\uni svn\comp710-2022-s2\students\les.mcilroy\gamename\temp\debug\inputsystem.obj
d:\uni\gp\uni svn\comp710-2022-s2\students\les.mcilroy\gamename\temp\debug\iniparser.obj
d:\uni\gp\uni svn\comp710-2022-s2\students\les.mcilroy\gamename\temp\debug\imgui_widgets.obj
d:\uni\gp\uni svn\comp710-2022-s2\students\les.mcilroy\gamename\temp\debug\imgui_tables.obj
d:\uni\gp\uni svn\comp710-2022-s2\students\les.mcilroy\gamename\temp\debug\vector2.obj
d:\uni\gp\uni svn\comp710-2022-s2\students\les.mcilroy\gamename\temp\debug\upgradexpgain.obj
d:\uni\gp\uni svn\comp710-2022-s2\students\les.mcilroy\gamename\temp\debug\upgradesmanager.obj
d:\uni\gp\uni svn\comp710-2022-s2\students\les.mcilroy\gamename\temp\debug\upgradeprojspeed.obj
d:\uni\gp\uni svn\comp710-2022-s2\students\les.mcilroy\gamename\temp\debug\upgradeprojcount.obj
d:\uni\gp\uni svn\comp710-2022-s2\students\les.mcilroy\gamename\temp\debug\upgradepiercecount.obj
d:\uni\gp\uni svn\comp710-2022-s2\students\les.mcilroy\gamename\temp\debug\upgrademovespeed.obj
d:\uni\gp\uni svn\comp710-2022-s2\students\les.mcilroy\gamename\temp\debug\upgrademaxhp.obj
d:\uni\gp\uni svn\comp710-2022-s2\students\les.mcilroy\gamename\temp\debug\upgradehpregen.obj
d:\uni\gp\uni svn\comp710-2022-s2\students\les.mcilroy\gamename\temp\debug\upgradeflatdamage.obj
d:\uni\gp\uni svn\comp710-2022-s2\students\les.mcilroy\gamename\temp\debug\upgradedefense.obj
d:\uni\gp\uni svn\comp710-2022-s2\students\les.mcilroy\gamename\temp\debug\upgradeattackspeed.obj
d:\uni\gp\uni svn\comp710-2022-s2\students\les.mcilroy\gamename\temp\debug\upgrade.obj
d:\uni\gp\uni svn\comp710-2022-s2\students\les.mcilroy\gamename\temp\debug\texturemanager.obj
d:\uni\gp\uni svn\comp710-2022-s2\students\les.mcilroy\gamename\temp\debug\texture.obj
d:\uni\gp\uni svn\comp710-2022-s2\students\les.mcilroy\gamename\temp\debug\sprite.obj
d:\uni\gp\uni svn\comp710-2022-s2\students\les.mcilroy\gamename\temp\debug\shader.obj
d:\uni\gp\uni svn\comp710-2022-s2\students\les.mcilroy\gamename\temp\debug\scenesplashaut.obj
d:\uni\gp\uni svn\comp710-2022-s2\students\les.mcilroy\gamename\temp\debug\sceneparticleemitter.obj
d:\uni\gp\uni svn\comp710-2022-s2\students\les.mcilroy\gamename\temp\debug\scenemanager.obj
d:\uni\gp\uni svn\comp710-2022-s2\students\les.mcilroy\gamename\temp\debug\xboxcontroller.obj
d:\uni\gp\uni svn\comp710-2022-s2\students\les.mcilroy\gamename\temp\debug\vertexarray.obj
d:\uni\gp\uni svn\comp710-2022-s2\students\les.mcilroy\gamename\source\..\game\gamename_debug.pdb
d:\uni\gp\uni svn\comp710-2022-s2\students\les.mcilroy\gamename\temp\debug\gamename.tlog\cl.command.1.tlog
d:\uni\gp\uni svn\comp710-2022-s2\students\les.mcilroy\gamename\temp\debug\gamename.tlog\cl.read.1.tlog
d:\uni\gp\uni svn\comp710-2022-s2\students\les.mcilroy\gamename\temp\debug\gamename.tlog\cl.write.1.tlog
d:\uni\gp\uni svn\comp710-2022-s2\students\les.mcilroy\gamename\temp\debug\gamename.tlog\link.51088-cvtres.read.1.tlog
d:\uni\gp\uni svn\comp710-2022-s2\students\les.mcilroy\gamename\temp\debug\gamename.tlog\link.51088-cvtres.write.1.tlog
d:\uni\gp\uni svn\comp710-2022-s2\students\les.mcilroy\gamename\temp\debug\gamename.tlog\link.51088-rc.read.1.tlog
d:\uni\gp\uni svn\comp710-2022-s2\students\les.mcilroy\gamename\temp\debug\gamename.tlog\link.51088-rc.write.1.tlog
d:\uni\gp\uni svn\comp710-2022-s2\students\les.mcilroy\gamename\temp\debug\gamename.tlog\link.51088.read.1.tlog
d:\uni\gp\uni svn\comp710-2022-s2\students\les.mcilroy\gamename\temp\debug\gamename.tlog\link.51088.write.1.tlog
d:\uni\gp\uni svn\comp710-2022-s2\students\les.mcilroy\gamename\temp\debug\gamename.tlog\link.command.1.tlog
d:\uni\gp\uni svn\comp710-2022-s2\students\les.mcilroy\gamename\temp\debug\gamename.tlog\link.read.1.tlog
d:\uni\gp\uni svn\comp710-2022-s2\students\les.mcilroy\gamename\temp\debug\gamename.tlog\link.write.1.tlog
